\BOOKMARK [0][-]{chapter.1}{Introduction}{}% 1
\BOOKMARK [1][-]{section.1.1}{Motivation}{chapter.1}% 2
\BOOKMARK [1][-]{section.1.2}{Project Aims}{chapter.1}% 3
\BOOKMARK [1][-]{section.1.3}{Overview of Report}{chapter.1}% 4
\BOOKMARK [0][-]{chapter.2}{Background Material}{}% 5
\BOOKMARK [1][-]{section.2.1}{Android Security Features}{chapter.2}% 6
\BOOKMARK [1][-]{section.2.2}{Dropbox API}{chapter.2}% 7
\BOOKMARK [1][-]{section.2.3}{Review of Related Products}{chapter.2}% 8
\BOOKMARK [0][-]{chapter.3}{Analysis and Design}{}% 9
\BOOKMARK [1][-]{section.3.1}{Problem Analysis}{chapter.3}% 10
\BOOKMARK [2][-]{subsection.3.1.1}{Assumptions}{section.3.1}% 11
\BOOKMARK [2][-]{subsection.3.1.2}{Threat and Trust Model}{section.3.1}% 12
\BOOKMARK [1][-]{section.3.2}{Document Storage}{chapter.3}% 13
\BOOKMARK [1][-]{section.3.3}{Cryptograpic Design}{chapter.3}% 14
\BOOKMARK [1][-]{section.3.4}{Group Administration}{chapter.3}% 15
\BOOKMARK [1][-]{section.3.5}{Prototype Design}{chapter.3}% 16
\BOOKMARK [0][-]{chapter.4}{Implementation}{}% 17
\BOOKMARK [0][-]{chapter.5}{Project Management}{}% 18
\BOOKMARK [0][-]{chapter.6}{Security}{}% 19
\BOOKMARK [0][-]{chapter.7}{Evaluation}{}% 20
